Performing C SOURCE FILE Test CMAKE_HAVE_LIBC_PTHREAD failed with the following output:
Change Dir: /home/jcruz/projects/shopping_cart/build/CMakeFiles/CMakeTmp

Run Build Command(s):/home/linuxbrew/.linuxbrew/bin/make -f Makefile cmTC_8c863/fast && /home/linuxbrew/.linuxbrew/bin/make  -f CMakeFiles/cmTC_8c863.dir/build.make CMakeFiles/cmTC_8c863.dir/build
make[1]: Entering directory '/home/jcruz/projects/shopping_cart/build/CMakeFiles/CMakeTmp'
Building C object CMakeFiles/cmTC_8c863.dir/src.c.o
/usr/bin/cc -DCMAKE_HAVE_LIBC_PTHREAD   -o CMakeFiles/cmTC_8c863.dir/src.c.o -c /home/jcruz/projects/shopping_cart/build/CMakeFiles/CMakeTmp/src.c
Linking C executable cmTC_8c863
/home/linuxbrew/.linuxbrew/Cellar/cmake/3.21.2/bin/cmake -E cmake_link_script CMakeFiles/cmTC_8c863.dir/link.txt --verbose=1
/usr/bin/cc CMakeFiles/cmTC_8c863.dir/src.c.o -o cmTC_8c863 
CMakeFiles/cmTC_8c863.dir/src.c.o: In function `main':
src.c:(.text+0x3e): undefined reference to `pthread_create'
src.c:(.text+0x4a): undefined reference to `pthread_detach'
src.c:(.text+0x56): undefined reference to `pthread_cancel'
src.c:(.text+0x67): undefined reference to `pthread_join'
src.c:(.text+0x7b): undefined reference to `pthread_atfork'
collect2: error: ld returned 1 exit status
make[1]: *** [CMakeFiles/cmTC_8c863.dir/build.make:99: cmTC_8c863] Error 1
make[1]: Leaving directory '/home/jcruz/projects/shopping_cart/build/CMakeFiles/CMakeTmp'
make: *** [Makefile:127: cmTC_8c863/fast] Error 2


Source file was:
#include <pthread.h>

static void* test_func(void* data)
{
  return data;
}

int main(void)
{
  pthread_t thread;
  pthread_create(&thread, NULL, test_func, NULL);
  pthread_detach(thread);
  pthread_cancel(thread);
  pthread_join(thread, NULL);
  pthread_atfork(NULL, NULL, NULL);
  pthread_exit(NULL);

  return 0;
}

